<?xml version="1.0" encoding="UTF-8"?>
<testng-results total="1" passed="1" failed="0" skipped="0">
  <reporter-output>
  </reporter-output>
  <suite started-at="2021-03-30T12:27:56Z" name="Ahyush Test Automation Test Suite" finished-at="2021-03-30T12:28:52Z" duration-ms="55959">
    <groups>
    </groups>
    <test started-at="2021-03-30T12:27:56Z" name="Ahyush Test Cases" finished-at="2021-03-30T12:28:52Z" duration-ms="55959">
      <class name="com.ahyush.testcases.AhyushTest">
        <test-method is-config="true" signature="setUp()[pri:0, instance:com.ahyush.testcases.AhyushTest@4c178a76]" started-at="2021-03-30T17:57:28Z" name="setUp" finished-at="2021-03-30T17:57:56Z" duration-ms="28365" status="PASS">
          <reporter-output>
          </reporter-output>
        </test-method> <!-- setUp -->
        <test-method signature="AhyushNavigateAllPages()[pri:0, instance:com.ahyush.testcases.AhyushTest@4c178a76]" started-at="2021-03-30T17:57:56Z" name="AhyushNavigateAllPages" finished-at="2021-03-30T17:58:52Z" duration-ms="55946" status="PASS">
          <reporter-output>
          </reporter-output>
        </test-method> <!-- AhyushNavigateAllPages -->
        <test-method is-config="true" signature="teardown()[pri:0, instance:com.ahyush.testcases.AhyushTest@4c178a76]" started-at="2021-03-30T17:58:52Z" name="teardown" finished-at="2021-03-30T17:58:53Z" duration-ms="746" status="PASS">
          <reporter-output>
          </reporter-output>
        </test-method> <!-- teardown -->
      </class> <!-- com.ahyush.testcases.AhyushTest -->
    </test> <!-- Ahyush Test Cases -->
  </suite> <!-- Ahyush Test Automation Test Suite -->
</testng-results>
